<?xml version="1.0" encoding="UTF-8"?>
<testsuite name="com.bridgelabz.cabInvoiceTest" tests="1" skipped="0" failures="0" errors="0" timestamp="2020-11-08T06:26:13" hostname="DESKTOP-62HQPBS" time="0.003">
  <properties/>
  <testcase name="givenMultipleRides_ShouldReturnTotalFare" classname="com.bridgelabz.cabInvoiceTest" time="0.003"/>
  <system-out><![CDATA[]]></system-out>
  <system-err><![CDATA[]]></system-err>
</testsuite>
