<?xml version="1.0" encoding="UTF-8"?>
<testsuite name="com.bridgelabz.cabInvoiceTest" tests="4" skipped="0" failures="0" errors="0" timestamp="2020-11-08T07:32:34" hostname="DESKTOP-62HQPBS" time="0.009">
  <properties/>
  <testcase name="givenLessDistanceAndTime_ShouldReturnMinimumFare" classname="com.bridgelabz.cabInvoiceTest" time="0.001"/>
  <testcase name="givenDistanceAndTime_ShouldReturnFare" classname="com.bridgelabz.cabInvoiceTest" time="0.001"/>
  <testcase name="givenUserId_ShouldReturnUserInvoiceService" classname="com.bridgelabz.cabInvoiceTest" time="0.004"/>
  <testcase name="givenMultipleRides_ShouldReturnInvoiceSummary" classname="com.bridgelabz.cabInvoiceTest" time="0.0"/>
  <system-out><![CDATA[]]></system-out>
  <system-err><![CDATA[]]></system-err>
</testsuite>
