<?xml version="1.0" encoding="UTF-8"?>
<testsuite name="com.bridgelabz.cabInvoiceGenerator.CabInvoiceTest" tests="1" skipped="0" failures="0" errors="0" timestamp="2020-11-10T06:35:47" hostname="DESKTOP-62HQPBS" time="0.003">
  <properties/>
  <testcase name="givenWrongExceptedResult_shouldThrowException" classname="com.bridgelabz.cabInvoiceGenerator.CabInvoiceTest" time="0.003"/>
  <system-out><![CDATA[]]></system-out>
  <system-err><![CDATA[]]></system-err>
</testsuite>
