<?xml version="1.0" encoding="UTF-8"?>
<testsuite name="com.bridgelabz.cabInvoiceTest" tests="2" skipped="0" failures="0" errors="0" timestamp="2020-11-08T06:04:56" hostname="DESKTOP-62HQPBS" time="0.006">
  <properties/>
  <testcase name="givenLessDistanceAndTime_ShouldReturnMinimumFare" classname="com.bridgelabz.cabInvoiceTest" time="0.002"/>
  <testcase name="givenDistanceAndTime_ShouldReturnFare" classname="com.bridgelabz.cabInvoiceTest" time="0.0"/>
  <system-out><![CDATA[]]></system-out>
  <system-err><![CDATA[]]></system-err>
</testsuite>
